WARNING: rtl/memory/instruction_memory.v:22: $readmemb(testcase.txt): Not enough words in the file for the requested range [0:127].

Instruction memory contents:

Instruction Memory[0] = 00000000010100000000000010010011 (hex: 00500093)
Instruction Memory[1] = 00000000100000000000000100010011 (hex: 00800113)
Instruction Memory[2] = 00000000011000000000000110010011 (hex: 00600193)
Instruction Memory[3] = 00000000100000000000010100010011 (hex: 00800513)
Instruction Memory[4] = 00000000000000000000001110010011 (hex: 00000393)
Instruction Memory[5] = 00000000001100010000001000110011 (hex: 00310233)
Instruction Memory[6] = 01000000000100011000001010110011 (hex: 401182b3)
Instruction Memory[7] = 00000000000001010011001100000011 (hex: 00053303)
Instruction Memory[8] = 00000000010001010011010000100011 (hex: 00453423)
Instruction Memory[9] = 00000000000100111000001110010011 (hex: 00138393)
Instruction Memory[10] = 11111110000100111001110011100011 (hex: fe139ce3)
Instruction Memory[11] = 00000000000000000000000000010011 (hex: 00000013)
Instruction Memory[12] = 00000000000000000000000000010011 (hex: 00000013)
Instruction Memory[13] = 00000000000000000000000000010011 (hex: 00000013)
Instruction Memory[14] = 00000000000000000000000000010011 (hex: 00000013)
Instruction Memory[15] = 00000000000000000000000000010011 (hex: 00000013)
Instruction Memory[16] = 00000000000000000000000000010011 (hex: 00000013)
Instruction Memory[17] = 00000000000000000000000000010011 (hex: 00000013)
Instruction Memory[18] = 00000000000000000000000000010011 (hex: 00000013)
Instruction Memory[19] = 00000000000000000000000000010011 (hex: 00000013)
~~~~~~~~~~~~~~~ Initial Memory Contents ~~~~~~~~~~~~~~~

Data Memory[1] = 0
VCD info: dumpfile results/core_tb.vcd opened for output.
PC initialized to 0x0000000000000000
Immediate Generator: type=xxx value=0000000000000000
Immediate Generator: type=000 value=0000000000000005

~~~~~ Cycle 1 ~~~~~
PC: 0x0000000000000000
Instruction is: 0x00500093 (    ADDI)

Register Values:
x0 = 0 (0x0000000000000000)
x1 = 0 (0x0000000000000000)
x2 = 0 (0x0000000000000000)
x3 = 0 (0x0000000000000000)
x4 = 0 (0x0000000000000000)
x5 = 0 (0x0000000000000000)
x6 = 0 (0x0000000000000000)
x7 = 0 (0x0000000000000000)
x8 = 0 (0x0000000000000000)
x9 = 0 (0x0000000000000000)
x10 = 0 (0x0000000000000000)
x11 = 0 (0x0000000000000000)
x12 = 0 (0x0000000000000000)
x13 = 0 (0x0000000000000000)
x14 = 0 (0x0000000000000000)
x15 = 0 (0x0000000000000000)
x16 = 0 (0x0000000000000000)
x17 = 0 (0x0000000000000000)
x18 = 0 (0x0000000000000000)
x19 = 0 (0x0000000000000000)
x20 = 0 (0x0000000000000000)
x21 = 0 (0x0000000000000000)
x22 = 0 (0x0000000000000000)
x23 = 0 (0x0000000000000000)
x24 = 0 (0x0000000000000000)
x25 = 0 (0x0000000000000000)
x26 = 0 (0x0000000000000000)
x27 = 0 (0x0000000000000000)
x28 = 0 (0x0000000000000000)
x29 = 0 (0x0000000000000000)
x30 = 0 (0x0000000000000000)
x31 = 0 (0x0000000000000000)

------------------------------------------------------
Register Write: x1 = 0000000000000005
Immediate Generator: type=000 value=0000000000000008

~~~~~ Cycle 2 ~~~~~
PC: 0x0000000000000004
Instruction is: 0x00800113 (    ADDI)

Register Values:
x0 = 0 (0x0000000000000000)
x1 = 5 (0x0000000000000005)
x2 = 0 (0x0000000000000000)
x3 = 0 (0x0000000000000000)
x4 = 0 (0x0000000000000000)
x5 = 0 (0x0000000000000000)
x6 = 0 (0x0000000000000000)
x7 = 0 (0x0000000000000000)
x8 = 0 (0x0000000000000000)
x9 = 0 (0x0000000000000000)
x10 = 0 (0x0000000000000000)
x11 = 0 (0x0000000000000000)
x12 = 0 (0x0000000000000000)
x13 = 0 (0x0000000000000000)
x14 = 0 (0x0000000000000000)
x15 = 0 (0x0000000000000000)
x16 = 0 (0x0000000000000000)
x17 = 0 (0x0000000000000000)
x18 = 0 (0x0000000000000000)
x19 = 0 (0x0000000000000000)
x20 = 0 (0x0000000000000000)
x21 = 0 (0x0000000000000000)
x22 = 0 (0x0000000000000000)
x23 = 0 (0x0000000000000000)
x24 = 0 (0x0000000000000000)
x25 = 0 (0x0000000000000000)
x26 = 0 (0x0000000000000000)
x27 = 0 (0x0000000000000000)
x28 = 0 (0x0000000000000000)
x29 = 0 (0x0000000000000000)
x30 = 0 (0x0000000000000000)
x31 = 0 (0x0000000000000000)

Previous Cycle Register Write Result:
Wrote 5 (0x0000000000000005) to x1

------------------------------------------------------
Register Write: x2 = 0000000000000008
Immediate Generator: type=000 value=0000000000000006

~~~~~ Cycle 3 ~~~~~
PC: 0x0000000000000008
Instruction is: 0x00600193 (    ADDI)

Register Values:
x0 = 0 (0x0000000000000000)
x1 = 5 (0x0000000000000005)
x2 = 8 (0x0000000000000008)
x3 = 0 (0x0000000000000000)
x4 = 0 (0x0000000000000000)
x5 = 0 (0x0000000000000000)
x6 = 0 (0x0000000000000000)
x7 = 0 (0x0000000000000000)
x8 = 0 (0x0000000000000000)
x9 = 0 (0x0000000000000000)
x10 = 0 (0x0000000000000000)
x11 = 0 (0x0000000000000000)
x12 = 0 (0x0000000000000000)
x13 = 0 (0x0000000000000000)
x14 = 0 (0x0000000000000000)
x15 = 0 (0x0000000000000000)
x16 = 0 (0x0000000000000000)
x17 = 0 (0x0000000000000000)
x18 = 0 (0x0000000000000000)
x19 = 0 (0x0000000000000000)
x20 = 0 (0x0000000000000000)
x21 = 0 (0x0000000000000000)
x22 = 0 (0x0000000000000000)
x23 = 0 (0x0000000000000000)
x24 = 0 (0x0000000000000000)
x25 = 0 (0x0000000000000000)
x26 = 0 (0x0000000000000000)
x27 = 0 (0x0000000000000000)
x28 = 0 (0x0000000000000000)
x29 = 0 (0x0000000000000000)
x30 = 0 (0x0000000000000000)
x31 = 0 (0x0000000000000000)

Previous Cycle Register Write Result:
Wrote 8 (0x0000000000000008) to x2

------------------------------------------------------
Register Write: x3 = 0000000000000006
Immediate Generator: type=000 value=0000000000000008

~~~~~ Cycle 4 ~~~~~
PC: 0x000000000000000c
Instruction is: 0x00800513 (    ADDI)

Register Values:
x0 = 0 (0x0000000000000000)
x1 = 5 (0x0000000000000005)
x2 = 8 (0x0000000000000008)
x3 = 6 (0x0000000000000006)
x4 = 0 (0x0000000000000000)
x5 = 0 (0x0000000000000000)
x6 = 0 (0x0000000000000000)
x7 = 0 (0x0000000000000000)
x8 = 0 (0x0000000000000000)
x9 = 0 (0x0000000000000000)
x10 = 0 (0x0000000000000000)
x11 = 0 (0x0000000000000000)
x12 = 0 (0x0000000000000000)
x13 = 0 (0x0000000000000000)
x14 = 0 (0x0000000000000000)
x15 = 0 (0x0000000000000000)
x16 = 0 (0x0000000000000000)
x17 = 0 (0x0000000000000000)
x18 = 0 (0x0000000000000000)
x19 = 0 (0x0000000000000000)
x20 = 0 (0x0000000000000000)
x21 = 0 (0x0000000000000000)
x22 = 0 (0x0000000000000000)
x23 = 0 (0x0000000000000000)
x24 = 0 (0x0000000000000000)
x25 = 0 (0x0000000000000000)
x26 = 0 (0x0000000000000000)
x27 = 0 (0x0000000000000000)
x28 = 0 (0x0000000000000000)
x29 = 0 (0x0000000000000000)
x30 = 0 (0x0000000000000000)
x31 = 0 (0x0000000000000000)

Previous Cycle Register Write Result:
Wrote 6 (0x0000000000000006) to x3

------------------------------------------------------
Register Write: x10 = 0000000000000008
Immediate Generator: type=000 value=0000000000000000

~~~~~ Cycle 5 ~~~~~
PC: 0x0000000000000010
Instruction is: 0x00000393 (    ADDI)

Register Values:
x0 = 0 (0x0000000000000000)
x1 = 5 (0x0000000000000005)
x2 = 8 (0x0000000000000008)
x3 = 6 (0x0000000000000006)
x4 = 0 (0x0000000000000000)
x5 = 0 (0x0000000000000000)
x6 = 0 (0x0000000000000000)
x7 = 0 (0x0000000000000000)
x8 = 0 (0x0000000000000000)
x9 = 0 (0x0000000000000000)
x10 = 8 (0x0000000000000008)
x11 = 0 (0x0000000000000000)
x12 = 0 (0x0000000000000000)
x13 = 0 (0x0000000000000000)
x14 = 0 (0x0000000000000000)
x15 = 0 (0x0000000000000000)
x16 = 0 (0x0000000000000000)
x17 = 0 (0x0000000000000000)
x18 = 0 (0x0000000000000000)
x19 = 0 (0x0000000000000000)
x20 = 0 (0x0000000000000000)
x21 = 0 (0x0000000000000000)
x22 = 0 (0x0000000000000000)
x23 = 0 (0x0000000000000000)
x24 = 0 (0x0000000000000000)
x25 = 0 (0x0000000000000000)
x26 = 0 (0x0000000000000000)
x27 = 0 (0x0000000000000000)
x28 = 0 (0x0000000000000000)
x29 = 0 (0x0000000000000000)
x30 = 0 (0x0000000000000000)
x31 = 0 (0x0000000000000000)

Previous Cycle Register Write Result:
Wrote 8 (0x0000000000000008) to x10

------------------------------------------------------
Register Write: x7 = 0000000000000000
Immediate Generator: type=000 value=0000000000000003

~~~~~ Cycle 6 ~~~~~
PC: 0x0000000000000014
Instruction is: 0x00310233 (     ADD)

Register Values:
x0 = 0 (0x0000000000000000)
x1 = 5 (0x0000000000000005)
x2 = 8 (0x0000000000000008)
x3 = 6 (0x0000000000000006)
x4 = 0 (0x0000000000000000)
x5 = 0 (0x0000000000000000)
x6 = 0 (0x0000000000000000)
x7 = 0 (0x0000000000000000)
x8 = 0 (0x0000000000000000)
x9 = 0 (0x0000000000000000)
x10 = 8 (0x0000000000000008)
x11 = 0 (0x0000000000000000)
x12 = 0 (0x0000000000000000)
x13 = 0 (0x0000000000000000)
x14 = 0 (0x0000000000000000)
x15 = 0 (0x0000000000000000)
x16 = 0 (0x0000000000000000)
x17 = 0 (0x0000000000000000)
x18 = 0 (0x0000000000000000)
x19 = 0 (0x0000000000000000)
x20 = 0 (0x0000000000000000)
x21 = 0 (0x0000000000000000)
x22 = 0 (0x0000000000000000)
x23 = 0 (0x0000000000000000)
x24 = 0 (0x0000000000000000)
x25 = 0 (0x0000000000000000)
x26 = 0 (0x0000000000000000)
x27 = 0 (0x0000000000000000)
x28 = 0 (0x0000000000000000)
x29 = 0 (0x0000000000000000)
x30 = 0 (0x0000000000000000)
x31 = 0 (0x0000000000000000)

Previous Cycle Register Write Result:
Wrote 0 (0x0000000000000000) to x7

------------------------------------------------------
Register Write: x4 = 000000000000000e
Immediate Generator: type=000 value=0000000000000401

~~~~~ Cycle 7 ~~~~~
PC: 0x0000000000000018
Instruction is: 0x401182b3 (     SUB)

Register Values:
x0 = 0 (0x0000000000000000)
x1 = 5 (0x0000000000000005)
x2 = 8 (0x0000000000000008)
x3 = 6 (0x0000000000000006)
x4 = 14 (0x000000000000000e)
x5 = 0 (0x0000000000000000)
x6 = 0 (0x0000000000000000)
x7 = 0 (0x0000000000000000)
x8 = 0 (0x0000000000000000)
x9 = 0 (0x0000000000000000)
x10 = 8 (0x0000000000000008)
x11 = 0 (0x0000000000000000)
x12 = 0 (0x0000000000000000)
x13 = 0 (0x0000000000000000)
x14 = 0 (0x0000000000000000)
x15 = 0 (0x0000000000000000)
x16 = 0 (0x0000000000000000)
x17 = 0 (0x0000000000000000)
x18 = 0 (0x0000000000000000)
x19 = 0 (0x0000000000000000)
x20 = 0 (0x0000000000000000)
x21 = 0 (0x0000000000000000)
x22 = 0 (0x0000000000000000)
x23 = 0 (0x0000000000000000)
x24 = 0 (0x0000000000000000)
x25 = 0 (0x0000000000000000)
x26 = 0 (0x0000000000000000)
x27 = 0 (0x0000000000000000)
x28 = 0 (0x0000000000000000)
x29 = 0 (0x0000000000000000)
x30 = 0 (0x0000000000000000)
x31 = 0 (0x0000000000000000)

Previous Cycle Register Write Result:
Wrote 14 (0x000000000000000e) to x4

------------------------------------------------------
Register Write: x5 = 0000000000000001
Immediate Generator: type=000 value=0000000000000000
Memory Read: Address=0x0000000000000001 Data=20 (0x0000000000000014)
Memory Read: Address=0x000000000000000b Data=0 (0x0000000000000000)
Memory Read: Address=0x0000000000000001 Data=20 (0x0000000000000014)
Memory Read: Address=0x0000000000000000 Data=20 (0x0000000000000014)
Memory Read: Address=0x0000000000000008 Data=0 (0x0000000000000000)
Memory Read: Address=0x0000000000000018 Data=0 (0x0000000000000000)
Memory Read: Address=0x0000000000000008 Data=0 (0x0000000000000000)

~~~~~ Cycle 8 ~~~~~
PC: 0x000000000000001c
Instruction is: 0x00053303 (      LD)

Register Values:
x0 = 0 (0x0000000000000000)
x1 = 5 (0x0000000000000005)
x2 = 8 (0x0000000000000008)
x3 = 6 (0x0000000000000006)
x4 = 14 (0x000000000000000e)
x5 = 1 (0x0000000000000001)
x6 = 0 (0x0000000000000000)
x7 = 0 (0x0000000000000000)
x8 = 0 (0x0000000000000000)
x9 = 0 (0x0000000000000000)
x10 = 8 (0x0000000000000008)
x11 = 0 (0x0000000000000000)
x12 = 0 (0x0000000000000000)
x13 = 0 (0x0000000000000000)
x14 = 0 (0x0000000000000000)
x15 = 0 (0x0000000000000000)
x16 = 0 (0x0000000000000000)
x17 = 0 (0x0000000000000000)
x18 = 0 (0x0000000000000000)
x19 = 0 (0x0000000000000000)
x20 = 0 (0x0000000000000000)
x21 = 0 (0x0000000000000000)
x22 = 0 (0x0000000000000000)
x23 = 0 (0x0000000000000000)
x24 = 0 (0x0000000000000000)
x25 = 0 (0x0000000000000000)
x26 = 0 (0x0000000000000000)
x27 = 0 (0x0000000000000000)
x28 = 0 (0x0000000000000000)
x29 = 0 (0x0000000000000000)
x30 = 0 (0x0000000000000000)
x31 = 0 (0x0000000000000000)

Load Operation Details:
Base Register (x10) = 8
Immediate Offset = 0
Effective Address = Base(8) + Offset(0) = 8
Memory Word Index = 1
Value Loaded = 0
Target Register = x6

Previous Cycle Register Write Result:
Wrote 1 (0x0000000000000001) to x5

------------------------------------------------------
Register Write: x6 = 0000000000000000
Immediate Generator: type=000 value=0000000000000004
Immediate Generator: type=001 value=0000000000000008

~~~~~ Cycle 9 ~~~~~
PC: 0x0000000000000020
Instruction is: 0x00453423 (      SD)

Register Values:
x0 = 0 (0x0000000000000000)
x1 = 5 (0x0000000000000005)
x2 = 8 (0x0000000000000008)
x3 = 6 (0x0000000000000006)
x4 = 14 (0x000000000000000e)
x5 = 1 (0x0000000000000001)
x6 = 0 (0x0000000000000000)
x7 = 0 (0x0000000000000000)
x8 = 0 (0x0000000000000000)
x9 = 0 (0x0000000000000000)
x10 = 8 (0x0000000000000008)
x11 = 0 (0x0000000000000000)
x12 = 0 (0x0000000000000000)
x13 = 0 (0x0000000000000000)
x14 = 0 (0x0000000000000000)
x15 = 0 (0x0000000000000000)
x16 = 0 (0x0000000000000000)
x17 = 0 (0x0000000000000000)
x18 = 0 (0x0000000000000000)
x19 = 0 (0x0000000000000000)
x20 = 0 (0x0000000000000000)
x21 = 0 (0x0000000000000000)
x22 = 0 (0x0000000000000000)
x23 = 0 (0x0000000000000000)
x24 = 0 (0x0000000000000000)
x25 = 0 (0x0000000000000000)
x26 = 0 (0x0000000000000000)
x27 = 0 (0x0000000000000000)
x28 = 0 (0x0000000000000000)
x29 = 0 (0x0000000000000000)
x30 = 0 (0x0000000000000000)
x31 = 0 (0x0000000000000000)

Store Operation Details:
Base Register (x10) = 8
Immediate Offset = 8
Source Register (x4) = 14
Effective Address = Base(8) + Offset(8) = 16
Memory Word Index = 2
Writing Value 14 from x4 to memory[2]

Memory State Around Write Location:
memory[1] = 0 (0x0000000000000000)
memory[2] = 0 (0x0000000000000000)
memory[3] = 0 (0x0000000000000000)

Previous Cycle Register Write Result:
Wrote 0 (0x0000000000000000) to x6

------------------------------------------------------
Memory Write: Address=0x0000000000000010 Data=14 (0x000000000000000e)
Immediate Generator: type=001 value=0000000000000007
Immediate Generator: type=000 value=0000000000000001

~~~~~ Cycle 10 ~~~~~
PC: 0x0000000000000024
Instruction is: 0x00138393 (    ADDI)

Register Values:
x0 = 0 (0x0000000000000000)
x1 = 5 (0x0000000000000005)
x2 = 8 (0x0000000000000008)
x3 = 6 (0x0000000000000006)
x4 = 14 (0x000000000000000e)
x5 = 1 (0x0000000000000001)
x6 = 0 (0x0000000000000000)
x7 = 0 (0x0000000000000000)
x8 = 0 (0x0000000000000000)
x9 = 0 (0x0000000000000000)
x10 = 8 (0x0000000000000008)
x11 = 0 (0x0000000000000000)
x12 = 0 (0x0000000000000000)
x13 = 0 (0x0000000000000000)
x14 = 0 (0x0000000000000000)
x15 = 0 (0x0000000000000000)
x16 = 0 (0x0000000000000000)
x17 = 0 (0x0000000000000000)
x18 = 0 (0x0000000000000000)
x19 = 0 (0x0000000000000000)
x20 = 0 (0x0000000000000000)
x21 = 0 (0x0000000000000000)
x22 = 0 (0x0000000000000000)
x23 = 0 (0x0000000000000000)
x24 = 0 (0x0000000000000000)
x25 = 0 (0x0000000000000000)
x26 = 0 (0x0000000000000000)
x27 = 0 (0x0000000000000000)
x28 = 0 (0x0000000000000000)
x29 = 0 (0x0000000000000000)
x30 = 0 (0x0000000000000000)
x31 = 0 (0x0000000000000000)

------------------------------------------------------
Register Write: x7 = 0000000000000001
Immediate Generator: type=000 value=ffffffffffffffe1
BNE: rs1=1 (0x0000000000000001) rs2=5 (0x0000000000000005) not_equal=1 target=0x0000000000000009
Immediate Generator: type=010 value=7ffffffffffffffc
BNE: rs1=1 (0x0000000000000001) rs2=5 (0x0000000000000005) not_equal=1 target=0x8000000000000024

~~~~~ Cycle 11 ~~~~~
PC: 0x0000000000000028
Instruction is: 0xfe139ce3 (     BNE)

Register Values:
x0 = 0 (0x0000000000000000)
x1 = 5 (0x0000000000000005)
x2 = 8 (0x0000000000000008)
x3 = 6 (0x0000000000000006)
x4 = 14 (0x000000000000000e)
x5 = 1 (0x0000000000000001)
x6 = 0 (0x0000000000000000)
x7 = 1 (0x0000000000000001)
x8 = 0 (0x0000000000000000)
x9 = 0 (0x0000000000000000)
x10 = 8 (0x0000000000000008)
x11 = 0 (0x0000000000000000)
x12 = 0 (0x0000000000000000)
x13 = 0 (0x0000000000000000)
x14 = 0 (0x0000000000000000)
x15 = 0 (0x0000000000000000)
x16 = 0 (0x0000000000000000)
x17 = 0 (0x0000000000000000)
x18 = 0 (0x0000000000000000)
x19 = 0 (0x0000000000000000)
x20 = 0 (0x0000000000000000)
x21 = 0 (0x0000000000000000)
x22 = 0 (0x0000000000000000)
x23 = 0 (0x0000000000000000)
x24 = 0 (0x0000000000000000)
x25 = 0 (0x0000000000000000)
x26 = 0 (0x0000000000000000)
x27 = 0 (0x0000000000000000)
x28 = 0 (0x0000000000000000)
x29 = 0 (0x0000000000000000)
x30 = 0 (0x0000000000000000)
x31 = 0 (0x0000000000000000)

Branch Operation Details:
Branch Type:      BNE
RS1 (x7) = 1
RS2 (x1) = 5
Branch Immediate = -4
Current PC = 0x0000000000000028
Branch Target = 0x8000000000000024
Branch Taken: Yes
Next PC will be: 0x8000000000000024

Previous Cycle Register Write Result:
Wrote 1 (0x0000000000000001) to x7

------------------------------------------------------
BNE: rs1=1 (0x0000000000000001) rs2=5 (0x0000000000000005) not_equal=1 target=0x0000000000000020
Immediate Generator: type=010 value=0000000000000403
Immediate Generator: type=000 value=0000000000000001

~~~~~ Cycle 12 ~~~~~
PC: 0x8000000000000024
Instruction is: 0x00138393 (    ADDI)

Register Values:
x0 = 0 (0x0000000000000000)
x1 = 5 (0x0000000000000005)
x2 = 8 (0x0000000000000008)
x3 = 6 (0x0000000000000006)
x4 = 14 (0x000000000000000e)
x5 = 1 (0x0000000000000001)
x6 = 0 (0x0000000000000000)
x7 = 1 (0x0000000000000001)
x8 = 0 (0x0000000000000000)
x9 = 0 (0x0000000000000000)
x10 = 8 (0x0000000000000008)
x11 = 0 (0x0000000000000000)
x12 = 0 (0x0000000000000000)
x13 = 0 (0x0000000000000000)
x14 = 0 (0x0000000000000000)
x15 = 0 (0x0000000000000000)
x16 = 0 (0x0000000000000000)
x17 = 0 (0x0000000000000000)
x18 = 0 (0x0000000000000000)
x19 = 0 (0x0000000000000000)
x20 = 0 (0x0000000000000000)
x21 = 0 (0x0000000000000000)
x22 = 0 (0x0000000000000000)
x23 = 0 (0x0000000000000000)
x24 = 0 (0x0000000000000000)
x25 = 0 (0x0000000000000000)
x26 = 0 (0x0000000000000000)
x27 = 0 (0x0000000000000000)
x28 = 0 (0x0000000000000000)
x29 = 0 (0x0000000000000000)
x30 = 0 (0x0000000000000000)
x31 = 0 (0x0000000000000000)

------------------------------------------------------
Register Write: x7 = 0000000000000002
Immediate Generator: type=000 value=ffffffffffffffe1
BNE: rs1=2 (0x0000000000000002) rs2=5 (0x0000000000000005) not_equal=1 target=0x8000000000000009
Immediate Generator: type=010 value=7ffffffffffffffc
BNE: rs1=2 (0x0000000000000002) rs2=5 (0x0000000000000005) not_equal=1 target=0x0000000000000024

~~~~~ Cycle 13 ~~~~~
PC: 0x8000000000000028
Instruction is: 0xfe139ce3 (     BNE)

Register Values:
x0 = 0 (0x0000000000000000)
x1 = 5 (0x0000000000000005)
x2 = 8 (0x0000000000000008)
x3 = 6 (0x0000000000000006)
x4 = 14 (0x000000000000000e)
x5 = 1 (0x0000000000000001)
x6 = 0 (0x0000000000000000)
x7 = 2 (0x0000000000000002)
x8 = 0 (0x0000000000000000)
x9 = 0 (0x0000000000000000)
x10 = 8 (0x0000000000000008)
x11 = 0 (0x0000000000000000)
x12 = 0 (0x0000000000000000)
x13 = 0 (0x0000000000000000)
x14 = 0 (0x0000000000000000)
x15 = 0 (0x0000000000000000)
x16 = 0 (0x0000000000000000)
x17 = 0 (0x0000000000000000)
x18 = 0 (0x0000000000000000)
x19 = 0 (0x0000000000000000)
x20 = 0 (0x0000000000000000)
x21 = 0 (0x0000000000000000)
x22 = 0 (0x0000000000000000)
x23 = 0 (0x0000000000000000)
x24 = 0 (0x0000000000000000)
x25 = 0 (0x0000000000000000)
x26 = 0 (0x0000000000000000)
x27 = 0 (0x0000000000000000)
x28 = 0 (0x0000000000000000)
x29 = 0 (0x0000000000000000)
x30 = 0 (0x0000000000000000)
x31 = 0 (0x0000000000000000)

Branch Operation Details:
Branch Type:      BNE
RS1 (x7) = 2
RS2 (x1) = 5
Branch Immediate = -4
Current PC = 0x8000000000000028
Branch Target = 0x0000000000000024
Branch Taken: Yes
Next PC will be: 0x0000000000000024

Previous Cycle Register Write Result:
Wrote 2 (0x0000000000000002) to x7

------------------------------------------------------
BNE: rs1=2 (0x0000000000000002) rs2=5 (0x0000000000000005) not_equal=1 target=0x8000000000000020
Immediate Generator: type=010 value=0000000000000403
Immediate Generator: type=000 value=0000000000000001

~~~~~ Cycle 14 ~~~~~
PC: 0x0000000000000024
Instruction is: 0x00138393 (    ADDI)

Register Values:
x0 = 0 (0x0000000000000000)
x1 = 5 (0x0000000000000005)
x2 = 8 (0x0000000000000008)
x3 = 6 (0x0000000000000006)
x4 = 14 (0x000000000000000e)
x5 = 1 (0x0000000000000001)
x6 = 0 (0x0000000000000000)
x7 = 2 (0x0000000000000002)
x8 = 0 (0x0000000000000000)
x9 = 0 (0x0000000000000000)
x10 = 8 (0x0000000000000008)
x11 = 0 (0x0000000000000000)
x12 = 0 (0x0000000000000000)
x13 = 0 (0x0000000000000000)
x14 = 0 (0x0000000000000000)
x15 = 0 (0x0000000000000000)
x16 = 0 (0x0000000000000000)
x17 = 0 (0x0000000000000000)
x18 = 0 (0x0000000000000000)
x19 = 0 (0x0000000000000000)
x20 = 0 (0x0000000000000000)
x21 = 0 (0x0000000000000000)
x22 = 0 (0x0000000000000000)
x23 = 0 (0x0000000000000000)
x24 = 0 (0x0000000000000000)
x25 = 0 (0x0000000000000000)
x26 = 0 (0x0000000000000000)
x27 = 0 (0x0000000000000000)
x28 = 0 (0x0000000000000000)
x29 = 0 (0x0000000000000000)
x30 = 0 (0x0000000000000000)
x31 = 0 (0x0000000000000000)

------------------------------------------------------
Register Write: x7 = 0000000000000003
Immediate Generator: type=000 value=ffffffffffffffe1
BNE: rs1=3 (0x0000000000000003) rs2=5 (0x0000000000000005) not_equal=1 target=0x0000000000000009
Immediate Generator: type=010 value=7ffffffffffffffc
BNE: rs1=3 (0x0000000000000003) rs2=5 (0x0000000000000005) not_equal=1 target=0x8000000000000024

~~~~~ Cycle 15 ~~~~~
PC: 0x0000000000000028
Instruction is: 0xfe139ce3 (     BNE)

Register Values:
x0 = 0 (0x0000000000000000)
x1 = 5 (0x0000000000000005)
x2 = 8 (0x0000000000000008)
x3 = 6 (0x0000000000000006)
x4 = 14 (0x000000000000000e)
x5 = 1 (0x0000000000000001)
x6 = 0 (0x0000000000000000)
x7 = 3 (0x0000000000000003)
x8 = 0 (0x0000000000000000)
x9 = 0 (0x0000000000000000)
x10 = 8 (0x0000000000000008)
x11 = 0 (0x0000000000000000)
x12 = 0 (0x0000000000000000)
x13 = 0 (0x0000000000000000)
x14 = 0 (0x0000000000000000)
x15 = 0 (0x0000000000000000)
x16 = 0 (0x0000000000000000)
x17 = 0 (0x0000000000000000)
x18 = 0 (0x0000000000000000)
x19 = 0 (0x0000000000000000)
x20 = 0 (0x0000000000000000)
x21 = 0 (0x0000000000000000)
x22 = 0 (0x0000000000000000)
x23 = 0 (0x0000000000000000)
x24 = 0 (0x0000000000000000)
x25 = 0 (0x0000000000000000)
x26 = 0 (0x0000000000000000)
x27 = 0 (0x0000000000000000)
x28 = 0 (0x0000000000000000)
x29 = 0 (0x0000000000000000)
x30 = 0 (0x0000000000000000)
x31 = 0 (0x0000000000000000)

Branch Operation Details:
Branch Type:      BNE
RS1 (x7) = 3
RS2 (x1) = 5
Branch Immediate = -4
Current PC = 0x0000000000000028
Branch Target = 0x8000000000000024
Branch Taken: Yes
Next PC will be: 0x8000000000000024

Previous Cycle Register Write Result:
Wrote 3 (0x0000000000000003) to x7

------------------------------------------------------
BNE: rs1=3 (0x0000000000000003) rs2=5 (0x0000000000000005) not_equal=1 target=0x0000000000000020
Immediate Generator: type=010 value=0000000000000403
Immediate Generator: type=000 value=0000000000000001

~~~~~ Cycle 16 ~~~~~
PC: 0x8000000000000024
Instruction is: 0x00138393 (    ADDI)

Register Values:
x0 = 0 (0x0000000000000000)
x1 = 5 (0x0000000000000005)
x2 = 8 (0x0000000000000008)
x3 = 6 (0x0000000000000006)
x4 = 14 (0x000000000000000e)
x5 = 1 (0x0000000000000001)
x6 = 0 (0x0000000000000000)
x7 = 3 (0x0000000000000003)
x8 = 0 (0x0000000000000000)
x9 = 0 (0x0000000000000000)
x10 = 8 (0x0000000000000008)
x11 = 0 (0x0000000000000000)
x12 = 0 (0x0000000000000000)
x13 = 0 (0x0000000000000000)
x14 = 0 (0x0000000000000000)
x15 = 0 (0x0000000000000000)
x16 = 0 (0x0000000000000000)
x17 = 0 (0x0000000000000000)
x18 = 0 (0x0000000000000000)
x19 = 0 (0x0000000000000000)
x20 = 0 (0x0000000000000000)
x21 = 0 (0x0000000000000000)
x22 = 0 (0x0000000000000000)
x23 = 0 (0x0000000000000000)
x24 = 0 (0x0000000000000000)
x25 = 0 (0x0000000000000000)
x26 = 0 (0x0000000000000000)
x27 = 0 (0x0000000000000000)
x28 = 0 (0x0000000000000000)
x29 = 0 (0x0000000000000000)
x30 = 0 (0x0000000000000000)
x31 = 0 (0x0000000000000000)

------------------------------------------------------
Register Write: x7 = 0000000000000004
Immediate Generator: type=000 value=ffffffffffffffe1
BNE: rs1=4 (0x0000000000000004) rs2=5 (0x0000000000000005) not_equal=1 target=0x8000000000000009
Immediate Generator: type=010 value=7ffffffffffffffc
BNE: rs1=4 (0x0000000000000004) rs2=5 (0x0000000000000005) not_equal=1 target=0x0000000000000024

~~~~~ Cycle 17 ~~~~~
PC: 0x8000000000000028
Instruction is: 0xfe139ce3 (     BNE)

Register Values:
x0 = 0 (0x0000000000000000)
x1 = 5 (0x0000000000000005)
x2 = 8 (0x0000000000000008)
x3 = 6 (0x0000000000000006)
x4 = 14 (0x000000000000000e)
x5 = 1 (0x0000000000000001)
x6 = 0 (0x0000000000000000)
x7 = 4 (0x0000000000000004)
x8 = 0 (0x0000000000000000)
x9 = 0 (0x0000000000000000)
x10 = 8 (0x0000000000000008)
x11 = 0 (0x0000000000000000)
x12 = 0 (0x0000000000000000)
x13 = 0 (0x0000000000000000)
x14 = 0 (0x0000000000000000)
x15 = 0 (0x0000000000000000)
x16 = 0 (0x0000000000000000)
x17 = 0 (0x0000000000000000)
x18 = 0 (0x0000000000000000)
x19 = 0 (0x0000000000000000)
x20 = 0 (0x0000000000000000)
x21 = 0 (0x0000000000000000)
x22 = 0 (0x0000000000000000)
x23 = 0 (0x0000000000000000)
x24 = 0 (0x0000000000000000)
x25 = 0 (0x0000000000000000)
x26 = 0 (0x0000000000000000)
x27 = 0 (0x0000000000000000)
x28 = 0 (0x0000000000000000)
x29 = 0 (0x0000000000000000)
x30 = 0 (0x0000000000000000)
x31 = 0 (0x0000000000000000)

Branch Operation Details:
Branch Type:      BNE
RS1 (x7) = 4
RS2 (x1) = 5
Branch Immediate = -4
Current PC = 0x8000000000000028
Branch Target = 0x0000000000000024
Branch Taken: Yes
Next PC will be: 0x0000000000000024

Previous Cycle Register Write Result:
Wrote 4 (0x0000000000000004) to x7

------------------------------------------------------
BNE: rs1=4 (0x0000000000000004) rs2=5 (0x0000000000000005) not_equal=1 target=0x8000000000000020
Immediate Generator: type=010 value=0000000000000403
Immediate Generator: type=000 value=0000000000000001

~~~~~ Cycle 18 ~~~~~
PC: 0x0000000000000024
Instruction is: 0x00138393 (    ADDI)

Register Values:
x0 = 0 (0x0000000000000000)
x1 = 5 (0x0000000000000005)
x2 = 8 (0x0000000000000008)
x3 = 6 (0x0000000000000006)
x4 = 14 (0x000000000000000e)
x5 = 1 (0x0000000000000001)
x6 = 0 (0x0000000000000000)
x7 = 4 (0x0000000000000004)
x8 = 0 (0x0000000000000000)
x9 = 0 (0x0000000000000000)
x10 = 8 (0x0000000000000008)
x11 = 0 (0x0000000000000000)
x12 = 0 (0x0000000000000000)
x13 = 0 (0x0000000000000000)
x14 = 0 (0x0000000000000000)
x15 = 0 (0x0000000000000000)
x16 = 0 (0x0000000000000000)
x17 = 0 (0x0000000000000000)
x18 = 0 (0x0000000000000000)
x19 = 0 (0x0000000000000000)
x20 = 0 (0x0000000000000000)
x21 = 0 (0x0000000000000000)
x22 = 0 (0x0000000000000000)
x23 = 0 (0x0000000000000000)
x24 = 0 (0x0000000000000000)
x25 = 0 (0x0000000000000000)
x26 = 0 (0x0000000000000000)
x27 = 0 (0x0000000000000000)
x28 = 0 (0x0000000000000000)
x29 = 0 (0x0000000000000000)
x30 = 0 (0x0000000000000000)
x31 = 0 (0x0000000000000000)

------------------------------------------------------
Register Write: x7 = 0000000000000005
Immediate Generator: type=000 value=ffffffffffffffe1
BNE: rs1=5 (0x0000000000000005) rs2=5 (0x0000000000000005) not_equal=0 target=0x0000000000000009
Immediate Generator: type=010 value=7ffffffffffffffc
BNE: rs1=5 (0x0000000000000005) rs2=5 (0x0000000000000005) not_equal=0 target=0x8000000000000024

~~~~~ Cycle 19 ~~~~~
PC: 0x0000000000000028
Instruction is: 0xfe139ce3 (     BNE)

Register Values:
x0 = 0 (0x0000000000000000)
x1 = 5 (0x0000000000000005)
x2 = 8 (0x0000000000000008)
x3 = 6 (0x0000000000000006)
x4 = 14 (0x000000000000000e)
x5 = 1 (0x0000000000000001)
x6 = 0 (0x0000000000000000)
x7 = 5 (0x0000000000000005)
x8 = 0 (0x0000000000000000)
x9 = 0 (0x0000000000000000)
x10 = 8 (0x0000000000000008)
x11 = 0 (0x0000000000000000)
x12 = 0 (0x0000000000000000)
x13 = 0 (0x0000000000000000)
x14 = 0 (0x0000000000000000)
x15 = 0 (0x0000000000000000)
x16 = 0 (0x0000000000000000)
x17 = 0 (0x0000000000000000)
x18 = 0 (0x0000000000000000)
x19 = 0 (0x0000000000000000)
x20 = 0 (0x0000000000000000)
x21 = 0 (0x0000000000000000)
x22 = 0 (0x0000000000000000)
x23 = 0 (0x0000000000000000)
x24 = 0 (0x0000000000000000)
x25 = 0 (0x0000000000000000)
x26 = 0 (0x0000000000000000)
x27 = 0 (0x0000000000000000)
x28 = 0 (0x0000000000000000)
x29 = 0 (0x0000000000000000)
x30 = 0 (0x0000000000000000)
x31 = 0 (0x0000000000000000)

Branch Operation Details:
Branch Type:      BNE
RS1 (x7) = 5
RS2 (x1) = 5
Branch Immediate = -4
Current PC = 0x0000000000000028
Branch Target = 0x8000000000000024
Branch Taken:  No
Next PC will be: 0x000000000000002c

Previous Cycle Register Write Result:
Wrote 5 (0x0000000000000005) to x7

------------------------------------------------------
BNE: rs1=5 (0x0000000000000005) rs2=5 (0x0000000000000005) not_equal=0 target=0x8000000000000028
Immediate Generator: type=010 value=0000000000000000
Immediate Generator: type=000 value=0000000000000000

~~~~~ Cycle 20 ~~~~~
PC: 0x000000000000002c
Instruction is: 0x00000013 (    ADDI)

Register Values:
x0 = 0 (0x0000000000000000)
x1 = 5 (0x0000000000000005)
x2 = 8 (0x0000000000000008)
x3 = 6 (0x0000000000000006)
x4 = 14 (0x000000000000000e)
x5 = 1 (0x0000000000000001)
x6 = 0 (0x0000000000000000)
x7 = 5 (0x0000000000000005)
x8 = 0 (0x0000000000000000)
x9 = 0 (0x0000000000000000)
x10 = 8 (0x0000000000000008)
x11 = 0 (0x0000000000000000)
x12 = 0 (0x0000000000000000)
x13 = 0 (0x0000000000000000)
x14 = 0 (0x0000000000000000)
x15 = 0 (0x0000000000000000)
x16 = 0 (0x0000000000000000)
x17 = 0 (0x0000000000000000)
x18 = 0 (0x0000000000000000)
x19 = 0 (0x0000000000000000)
x20 = 0 (0x0000000000000000)
x21 = 0 (0x0000000000000000)
x22 = 0 (0x0000000000000000)
x23 = 0 (0x0000000000000000)
x24 = 0 (0x0000000000000000)
x25 = 0 (0x0000000000000000)
x26 = 0 (0x0000000000000000)
x27 = 0 (0x0000000000000000)
x28 = 0 (0x0000000000000000)
x29 = 0 (0x0000000000000000)
x30 = 0 (0x0000000000000000)
x31 = 0 (0x0000000000000000)

------------------------------------------------------

~~~~~ Cycle 21 ~~~~~
PC: 0x0000000000000030
Instruction is: 0x00000013 (    ADDI)

Register Values:
x0 = 0 (0x0000000000000000)
x1 = 5 (0x0000000000000005)
x2 = 8 (0x0000000000000008)
x3 = 6 (0x0000000000000006)
x4 = 14 (0x000000000000000e)
x5 = 1 (0x0000000000000001)
x6 = 0 (0x0000000000000000)
x7 = 5 (0x0000000000000005)
x8 = 0 (0x0000000000000000)
x9 = 0 (0x0000000000000000)
x10 = 8 (0x0000000000000008)
x11 = 0 (0x0000000000000000)
x12 = 0 (0x0000000000000000)
x13 = 0 (0x0000000000000000)
x14 = 0 (0x0000000000000000)
x15 = 0 (0x0000000000000000)
x16 = 0 (0x0000000000000000)
x17 = 0 (0x0000000000000000)
x18 = 0 (0x0000000000000000)
x19 = 0 (0x0000000000000000)
x20 = 0 (0x0000000000000000)
x21 = 0 (0x0000000000000000)
x22 = 0 (0x0000000000000000)
x23 = 0 (0x0000000000000000)
x24 = 0 (0x0000000000000000)
x25 = 0 (0x0000000000000000)
x26 = 0 (0x0000000000000000)
x27 = 0 (0x0000000000000000)
x28 = 0 (0x0000000000000000)
x29 = 0 (0x0000000000000000)
x30 = 0 (0x0000000000000000)
x31 = 0 (0x0000000000000000)

Previous Cycle Register Write Result:
Wrote 0 (0x0000000000000000) to x0

------------------------------------------------------

~~~~~~~~~ Final Register State ~~~~~~~~~
x0 = 0 (0x0000000000000000)
x1 = 5 (0x0000000000000005)
x2 = 8 (0x0000000000000008)
x3 = 6 (0x0000000000000006)
x4 = 14 (0x000000000000000e)
x5 = 1 (0x0000000000000001)
x6 = 0 (0x0000000000000000)
x7 = 5 (0x0000000000000005)
x8 = 0 (0x0000000000000000)
x9 = 0 (0x0000000000000000)
x10 = 8 (0x0000000000000008)
x11 = 0 (0x0000000000000000)
x12 = 0 (0x0000000000000000)
x13 = 0 (0x0000000000000000)
x14 = 0 (0x0000000000000000)
x15 = 0 (0x0000000000000000)
x16 = 0 (0x0000000000000000)
x17 = 0 (0x0000000000000000)
x18 = 0 (0x0000000000000000)
x19 = 0 (0x0000000000000000)
x20 = 0 (0x0000000000000000)
x21 = 0 (0x0000000000000000)
x22 = 0 (0x0000000000000000)
x23 = 0 (0x0000000000000000)
x24 = 0 (0x0000000000000000)
x25 = 0 (0x0000000000000000)
x26 = 0 (0x0000000000000000)
x27 = 0 (0x0000000000000000)
x28 = 0 (0x0000000000000000)
x29 = 0 (0x0000000000000000)
x30 = 0 (0x0000000000000000)
x31 = 0 (0x0000000000000000)

~~~~~~~~~ Final Memory State [1-10] ~~~~~~~~~
Memory[1] = 0 (0x0000000000000000)
Memory[2] = 14 (0x000000000000000e)
Memory[3] = 0 (0x0000000000000000)
Memory[4] = 0 (0x0000000000000000)
Memory[5] = 0 (0x0000000000000000)
Memory[6] = 0 (0x0000000000000000)
Memory[7] = 0 (0x0000000000000000)
Memory[8] = 0 (0x0000000000000000)
Memory[9] = 0 (0x0000000000000000)
Memory[10] = 0 (0x0000000000000000)
tb/core_tb.v:50: $finish called at 225 (1s)
